2013-09-20 12:30:42,879 - manageVM.server -
                            [INFO] - will consume queue: vm_s
2013-09-20 12:30:42,880 - manageVM.server -
                            [INFO] - will consume queue: net_s
2013-09-20 12:30:42,881 - manageVM.server -
                            [INFO] - start consuming
2013-09-20 12:30:42,954 - manageVM.compute -
                            [INFO] - will consume queue: s_vm
2013-09-20 12:30:42,955 - manageVM.compute -
                            [INFO] - will consume queue: net_vm
2013-09-20 12:30:42,956 - manageVM.compute -
                            [INFO] - start consuming
2013-09-20 12:30:43,028 - manageVM.net_manager -
                            [INFO] - will consume queue: s_net
2013-09-20 12:30:43,029 - manageVM.net_manager -
                            [INFO] - will consume queue: vm_net
2013-09-20 12:30:43,030 - manageVM.net_manager -
                            [INFO] - start consuming
2013-09-20 12:30:47,888 - manageVM.compute -
                            [WARNING] - Attempt to power off unactive domain
2013-09-20 12:30:47,889 - manageVM.compute -
                            [INFO] - VM newvm2 powered off
2013-09-20 12:30:47,902 - manageVM.client -
                            [INFO] - VM newvm2 powered off
2013-09-20 12:30:54,010 - manageVM.compute -
                            [WARNING] - Attempt to power off unactive domain
2013-09-20 12:30:54,012 - manageVM.compute -
                            [INFO] - VM newvm2 powered off
2013-09-20 12:30:54,265 - manageVM.client -
                            [INFO] - VM newvm2 powered off
2013-09-20 12:31:06,518 - manageVM.compute -
                            [INFO] - VM newvm2 powered on
2013-09-20 12:31:06,770 - manageVM.client -
                            [INFO] - VM newvm2 powered on
2013-09-20 12:31:11,553 - manageVM.compute -
                            [INFO] - VM newvm2 powered off
2013-09-20 12:31:11,806 - manageVM.client -
                            [INFO] - VM newvm2 powered off
2013-09-20 12:31:13,878 - manageVM.server -
                            [INFO] - stop consuming, close connection to RabbitMQ
2013-09-20 12:31:13,878 - manageVM -
                            [ERROR] - Stop serving due to keyboard interrupt
2013-09-20 12:32:01,812 - manageVM.server -
                            [INFO] - will consume queue: vm_s
2013-09-20 12:32:01,813 - manageVM.server -
                            [INFO] - will consume queue: net_s
2013-09-20 12:32:01,814 - manageVM.server -
                            [INFO] - start consuming
2013-09-20 12:32:01,886 - manageVM.compute -
                            [INFO] - will consume queue: s_vm
2013-09-20 12:32:01,887 - manageVM.compute -
                            [INFO] - will consume queue: net_vm
2013-09-20 12:32:01,888 - manageVM.compute -
                            [INFO] - start consuming
2013-09-20 12:32:01,960 - manageVM.net_manager -
                            [INFO] - will consume queue: s_net
2013-09-20 12:32:01,961 - manageVM.net_manager -
                            [INFO] - will consume queue: vm_net
2013-09-20 12:32:01,962 - manageVM.net_manager -
                            [INFO] - start consuming
2013-09-20 12:32:35,702 - manageVM.compute -
                            [WARNING] - Attempt to power off unactive domain
2013-09-20 12:32:35,703 - manageVM.compute -
                            [INFO] - VM newvm2 powered off
2013-09-20 12:32:35,707 - manageVM.client -
                            [INFO] - VM newvm2 powered off
2013-09-20 12:32:40,878 - manageVM.compute -
                            [WARNING] - Attempt to power off unactive domain
2013-09-20 12:32:40,879 - manageVM.compute -
                            [INFO] - VM newvm2 powered off
2013-09-20 12:32:41,134 - manageVM.client -
                            [INFO] - VM newvm2 powered off
2013-09-20 12:32:42,169 - manageVM.compute -
                            [WARNING] - Attempt to power off unactive domain
2013-09-20 12:32:42,170 - manageVM.compute -
                            [INFO] - VM newvm2 powered off
2013-09-20 12:32:42,423 - manageVM.client -
                            [INFO] - VM newvm2 powered off
2013-09-20 12:32:44,461 - manageVM.compute -
                            [WARNING] - Attempt to power off unactive domain
2013-09-20 12:32:44,462 - manageVM.compute -
                            [INFO] - VM newvm2 powered off
2013-09-20 12:32:44,716 - manageVM.client -
                            [INFO] - VM newvm2 powered off
2013-09-20 12:33:40,392 - manageVM.compute -
                            [INFO] - New VM VM3 was successfully created
2013-09-20 12:33:40,647 - manageVM.client -
                            [INFO] - New VM VM3 was successfully created
2013-09-20 12:33:43,388 - manageVM.compute -
                            [INFO] - New VM VM2 was successfully created
2013-09-20 12:33:43,392 - manageVM.client -
                            [INFO] - New VM VM2 was successfully created
2013-09-20 13:00:52,534 - manageVM.server -
                            [ERROR] - Close connection to RabbitMQ
2013-09-20 13:00:52,535 - manageVM.server -
                            [INFO] - stop consuming, close connection to RabbitMQ
2013-09-20 13:00:52,535 - manageVM -
                            [ERROR] - Stop serving due to keyboard interrupt
2013-09-20 13:01:08,112 - manageVM.server -
                            [INFO] - will consume queue: vm_s
2013-09-20 13:01:08,113 - manageVM.server -
                            [INFO] - will consume queue: net_s
2013-09-20 13:01:08,114 - manageVM.server -
                            [INFO] - start consuming
2013-09-20 13:01:08,186 - manageVM.compute -
                            [INFO] - will consume queue: s_vm
2013-09-20 13:01:08,187 - manageVM.compute -
                            [INFO] - will consume queue: net_vm
2013-09-20 13:01:08,188 - manageVM.compute -
                            [INFO] - start consuming
2013-09-20 13:01:08,263 - manageVM.net_manager -
                            [INFO] - will consume queue: s_net
2013-09-20 13:01:08,263 - manageVM.net_manager -
                            [INFO] - will consume queue: vm_net
2013-09-20 13:01:08,264 - manageVM.net_manager -
                            [INFO] - start consuming
2013-09-20 13:02:15,778 - manageVM.server -
                            [INFO] - will consume queue: vm_s
2013-09-20 13:02:15,779 - manageVM.server -
                            [INFO] - will consume queue: net_s
2013-09-20 13:02:15,780 - manageVM.server -
                            [INFO] - start consuming
2013-09-20 13:02:15,852 - manageVM.compute -
                            [INFO] - will consume queue: s_vm
2013-09-20 13:02:15,852 - manageVM.compute -
                            [INFO] - will consume queue: net_vm
2013-09-20 13:02:15,854 - manageVM.compute -
                            [INFO] - start consuming
2013-09-20 13:02:15,926 - manageVM.net_manager -
                            [INFO] - will consume queue: s_net
2013-09-20 13:02:15,927 - manageVM.net_manager -
                            [INFO] - will consume queue: vm_net
2013-09-20 13:02:15,928 - manageVM.net_manager -
                            [INFO] - start consuming
2013-09-20 13:02:46,234 - manageVM.server -
                            [INFO] - stop consuming, close connection to RabbitMQ
2013-09-20 13:02:46,234 - manageVM -
                            [ERROR] - Stop serving due to keyboard interrupt
2013-09-20 13:02:48,120 - manageVM.server -
                            [INFO] - will consume queue: vm_s
2013-09-20 13:02:48,121 - manageVM.server -
                            [INFO] - will consume queue: net_s
2013-09-20 13:02:48,123 - manageVM.server -
                            [INFO] - start consuming
2013-09-20 13:02:48,195 - manageVM.compute -
                            [INFO] - will consume queue: s_vm
2013-09-20 13:02:48,196 - manageVM.compute -
                            [INFO] - will consume queue: net_vm
2013-09-20 13:02:48,197 - manageVM.compute -
                            [INFO] - start consuming
2013-09-20 13:02:48,270 - manageVM.net_manager -
                            [INFO] - will consume queue: s_net
2013-09-20 13:02:48,270 - manageVM.net_manager -
                            [INFO] - will consume queue: vm_net
2013-09-20 13:02:48,271 - manageVM.net_manager -
                            [INFO] - start consuming
2013-09-20 13:06:36,801 - manageVM.server -
                            [INFO] - will consume queue: vm_s
2013-09-20 13:06:36,801 - manageVM.server -
                            [INFO] - will consume queue: net_s
2013-09-20 13:06:36,803 - manageVM.server -
                            [INFO] - start consuming
2013-09-20 13:06:36,874 - manageVM.compute -
                            [INFO] - will consume queue: s_vm
2013-09-20 13:06:36,875 - manageVM.compute -
                            [INFO] - will consume queue: net_vm
2013-09-20 13:06:36,876 - manageVM.compute -
                            [INFO] - start consuming
2013-09-20 13:06:36,951 - manageVM.net_manager -
                            [INFO] - will consume queue: s_net
2013-09-20 13:06:36,952 - manageVM.net_manager -
                            [INFO] - will consume queue: vm_net
2013-09-20 13:06:36,953 - manageVM.net_manager -
                            [INFO] - start consuming
2013-09-20 13:06:44,911 - manageVM.compute -
                            [INFO] - VM VM3 was destroyed
2013-09-20 13:06:44,914 - manageVM.client -
                            [INFO] - VM VM3 was destroyed
2013-09-20 13:06:51,793 - manageVM.compute -
                            [INFO] - VM VM2 was destroyed
2013-09-20 13:06:52,047 - manageVM.client -
                            [INFO] - VM VM2 was destroyed
2013-09-20 13:16:01,598 - manageVM.server -
                            [INFO] - stop consuming, close connection to RabbitMQ
2013-09-20 13:16:01,598 - manageVM -
                            [ERROR] - Stop serving due to keyboard interrupt
2013-09-20 14:38:19,231 - manageVM.server -
                            [INFO] - will consume queue: vm_s
2013-09-20 14:38:19,232 - manageVM.server -
                            [INFO] - will consume queue: net_s
2013-09-20 14:38:19,233 - manageVM.server -
                            [INFO] - start consuming
2013-09-20 14:38:19,305 - manageVM.compute -
                            [INFO] - will consume queue: s_vm
2013-09-20 14:38:19,306 - manageVM.compute -
                            [INFO] - will consume queue: net_vm
2013-09-20 14:38:19,307 - manageVM.compute -
                            [INFO] - start consuming
2013-09-20 14:38:19,378 - manageVM.net_manager -
                            [INFO] - will consume queue: s_net
2013-09-20 14:38:19,379 - manageVM.net_manager -
                            [INFO] - will consume queue: vm_net
2013-09-20 14:38:19,380 - manageVM.net_manager -
                            [INFO] - start consuming
2013-09-20 14:38:21,858 - manageVM.compute -
                            [ERROR] - Domain not found: no domain with matching name 'VM2'
2013-09-20 14:38:21,863 - manageVM.client -
                            [INFO] - Fault
2013-09-20 14:38:21,863 - manageVM.client -
                            [ERROR] - Domain not found: no domain with matching name 'VM2'
2013-09-20 14:39:58,683 - manageVM.server -
                            [INFO] - will consume queue: vm_s
2013-09-20 14:39:58,684 - manageVM.server -
                            [INFO] - will consume queue: net_s
2013-09-20 14:39:58,685 - manageVM.server -
                            [INFO] - start consuming
2013-09-20 14:39:58,757 - manageVM.compute -
                            [INFO] - will consume queue: s_vm
2013-09-20 14:39:58,758 - manageVM.compute -
                            [INFO] - will consume queue: net_vm
2013-09-20 14:39:58,759 - manageVM.compute -
                            [INFO] - start consuming
2013-09-20 14:39:58,830 - manageVM.net_manager -
                            [INFO] - will consume queue: s_net
2013-09-20 14:39:58,831 - manageVM.net_manager -
                            [INFO] - will consume queue: vm_net
2013-09-20 14:39:58,832 - manageVM.net_manager -
                            [INFO] - start consuming
2013-09-20 14:40:01,113 - manageVM.server -
                            [ERROR] - Close connection to RabbitMQ
2013-09-20 14:40:01,113 - manageVM.server -
                            [INFO] - stop consuming, close connection to RabbitMQ
2013-09-20 14:40:01,114 - manageVM -
                            [ERROR] - Stop serving due to keyboard interrupt
2013-09-20 14:41:25,442 - manageVM.server -
                            [INFO] - will consume queue: vm_s
2013-09-20 14:41:25,443 - manageVM.server -
                            [INFO] - will consume queue: net_s
2013-09-20 14:41:25,445 - manageVM.server -
                            [INFO] - start consuming
2013-09-20 14:41:25,519 - manageVM.compute -
                            [INFO] - will consume queue: s_vm
2013-09-20 14:41:25,519 - manageVM.compute -
                            [INFO] - will consume queue: net_vm
2013-09-20 14:41:25,520 - manageVM.compute -
                            [INFO] - start consuming
2013-09-20 14:41:25,593 - manageVM.net_manager -
                            [INFO] - will consume queue: s_net
2013-09-20 14:41:25,594 - manageVM.net_manager -
                            [INFO] - will consume queue: vm_net
2013-09-20 14:41:25,595 - manageVM.net_manager -
                            [INFO] - start consuming
2013-09-20 14:41:48,601 - manageVM.server -
                            [INFO] - stop consuming, close connection to RabbitMQ
2013-09-20 14:41:48,601 - manageVM -
                            [ERROR] - Stop serving due to keyboard interrupt
2013-09-20 14:43:55,875 - manageVM.server -
                            [INFO] - will consume queue: vm_s
2013-09-20 14:43:55,876 - manageVM.server -
                            [INFO] - will consume queue: net_s
2013-09-20 14:43:55,876 - manageVM.server -
                            [INFO] - start consuming
2013-09-20 14:43:55,949 - manageVM.compute -
                            [INFO] - will consume queue: s_vm
2013-09-20 14:43:55,950 - manageVM.compute -
                            [INFO] - will consume queue: net_vm
2013-09-20 14:43:55,951 - manageVM.compute -
                            [INFO] - start consuming
2013-09-20 14:43:56,023 - manageVM.net_manager -
                            [INFO] - will consume queue: s_net
2013-09-20 14:43:56,024 - manageVM.net_manager -
                            [INFO] - will consume queue: vm_net
2013-09-20 14:43:56,025 - manageVM.net_manager -
                            [INFO] - start consuming
2013-09-20 14:44:04,628 - manageVM.compute -
                            [ERROR] - operation failed: domain 'VM2' already exists with uuid 727f0561-a033-901f-d13b-7f5fcac890e8
2013-09-20 14:44:04,632 - manageVM.client -
                            [INFO] - Fault
2013-09-20 14:44:04,632 - manageVM.client -
                            [ERROR] - operation failed: domain 'VM2' already exists with uuid 727f0561-a033-901f-d13b-7f5fcac890e8
2013-09-20 14:46:26,240 - manageVM.server -
                            [INFO] - will consume queue: vm_s
2013-09-20 14:46:26,241 - manageVM.server -
                            [INFO] - will consume queue: net_s
2013-09-20 14:46:26,242 - manageVM.server -
                            [INFO] - start consuming
2013-09-20 14:46:26,317 - manageVM.compute -
                            [INFO] - will consume queue: s_vm
2013-09-20 14:46:26,318 - manageVM.compute -
                            [INFO] - will consume queue: net_vm
2013-09-20 14:46:26,319 - manageVM.compute -
                            [INFO] - start consuming
2013-09-20 14:46:26,391 - manageVM.net_manager -
                            [INFO] - will consume queue: s_net
2013-09-20 14:46:26,392 - manageVM.net_manager -
                            [INFO] - will consume queue: vm_net
2013-09-20 14:46:26,393 - manageVM.net_manager -
                            [INFO] - start consuming
2013-09-20 14:49:04,547 - manageVM.server -
                            [INFO] - will consume queue: vm_s
2013-09-20 14:49:04,548 - manageVM.server -
                            [INFO] - will consume queue: net_s
2013-09-20 14:49:04,550 - manageVM.server -
                            [INFO] - start consuming
2013-09-20 14:49:04,622 - manageVM.compute -
                            [INFO] - will consume queue: s_vm
2013-09-20 14:49:04,623 - manageVM.compute -
                            [INFO] - will consume queue: net_vm
2013-09-20 14:49:04,624 - manageVM.compute -
                            [INFO] - start consuming
2013-09-20 14:49:04,696 - manageVM.net_manager -
                            [INFO] - will consume queue: s_net
2013-09-20 14:49:04,697 - manageVM.net_manager -
                            [INFO] - will consume queue: vm_net
2013-09-20 14:49:04,698 - manageVM.net_manager -
                            [INFO] - start consuming
2013-09-20 14:49:30,686 - manageVM.compute -
                            [INFO] - VM VM2 powered on
2013-09-20 14:49:30,692 - manageVM.client -
                            [INFO] - VM VM2 powered on
2013-09-20 14:49:39,062 - manageVM.compute -
                            [INFO] - VM VM2 powered off
2013-09-20 14:49:39,065 - manageVM.client -
                            [INFO] - VM VM2 powered off
2013-09-20 14:50:00,651 - manageVM.compute -
                            [ERROR] - Domain not found: no domain with matching name 'VM4'
2013-09-20 14:50:00,654 - manageVM.client -
                            [INFO] - Fault
2013-09-20 14:50:00,655 - manageVM.client -
                            [ERROR] - Domain not found: no domain with matching name 'VM4'
2013-09-20 14:57:30,023 - manageVM.server -
                            [INFO] - will consume queue: vm_s
2013-09-20 14:57:30,024 - manageVM.server -
                            [INFO] - will consume queue: net_s
2013-09-20 14:57:30,025 - manageVM.server -
                            [INFO] - start consuming
2013-09-20 14:57:30,098 - manageVM.compute -
                            [INFO] - will consume queue: s_vm
2013-09-20 14:57:30,099 - manageVM.compute -
                            [INFO] - will consume queue: net_vm
2013-09-20 14:57:30,099 - manageVM.compute -
                            [INFO] - start consuming
2013-09-20 14:57:30,172 - manageVM.net_manager -
                            [INFO] - will consume queue: s_net
2013-09-20 14:57:30,173 - manageVM.net_manager -
                            [INFO] - will consume queue: vm_net
2013-09-20 14:57:30,174 - manageVM.net_manager -
                            [INFO] - start consuming
2013-09-20 14:59:49,843 - manageVM.server -
                            [INFO] - will consume queue: vm_s
2013-09-20 14:59:49,844 - manageVM.server -
                            [INFO] - will consume queue: net_s
2013-09-20 14:59:49,845 - manageVM.server -
                            [INFO] - start consuming
2013-09-20 14:59:49,919 - manageVM.compute -
                            [INFO] - will consume queue: s_vm
2013-09-20 14:59:49,920 - manageVM.compute -
                            [INFO] - will consume queue: net_vm
2013-09-20 14:59:49,920 - manageVM.compute -
                            [INFO] - start consuming
2013-09-20 14:59:49,991 - manageVM.net_manager -
                            [INFO] - will consume queue: s_net
2013-09-20 14:59:49,992 - manageVM.net_manager -
                            [INFO] - will consume queue: vm_net
2013-09-20 14:59:49,992 - manageVM.net_manager -
                            [INFO] - start consuming
2013-09-20 14:59:59,015 - manageVM.compute -
                            [ERROR] - operation failed: domain 'VM4' already exists with uuid 7d8810d0-0628-b913-1002-62b5c0188ba7
2013-09-20 14:59:59,027 - manageVM.client -
                            [INFO] - Fault
2013-09-20 14:59:59,028 - manageVM.client -
                            [ERROR] - operation failed: domain 'VM4' already exists with uuid 7d8810d0-0628-b913-1002-62b5c0188ba7
2013-09-20 15:01:48,755 - manageVM.server -
                            [INFO] - will consume queue: vm_s
2013-09-20 15:01:48,756 - manageVM.server -
                            [INFO] - will consume queue: net_s
2013-09-20 15:01:48,757 - manageVM.server -
                            [INFO] - start consuming
2013-09-20 15:01:48,831 - manageVM.compute -
                            [INFO] - will consume queue: s_vm
2013-09-20 15:01:48,832 - manageVM.compute -
                            [INFO] - will consume queue: net_vm
2013-09-20 15:01:48,832 - manageVM.compute -
                            [INFO] - start consuming
2013-09-20 15:01:48,905 - manageVM.net_manager -
                            [INFO] - will consume queue: s_net
2013-09-20 15:01:48,906 - manageVM.net_manager -
                            [INFO] - will consume queue: vm_net
2013-09-20 15:01:48,907 - manageVM.net_manager -
                            [INFO] - start consuming
2013-09-20 15:04:43,339 - manageVM.server -
                            [INFO] - will consume queue: vm_s
2013-09-20 15:04:43,339 - manageVM.server -
                            [INFO] - will consume queue: net_s
2013-09-20 15:04:43,341 - manageVM.server -
                            [INFO] - start consuming
2013-09-20 15:04:43,415 - manageVM.compute -
                            [INFO] - will consume queue: s_vm
2013-09-20 15:04:43,415 - manageVM.compute -
                            [INFO] - will consume queue: net_vm
2013-09-20 15:04:43,417 - manageVM.compute -
                            [INFO] - start consuming
2013-09-20 15:04:43,488 - manageVM.net_manager -
                            [INFO] - will consume queue: s_net
2013-09-20 15:04:43,489 - manageVM.net_manager -
                            [INFO] - will consume queue: vm_net
2013-09-20 15:04:43,491 - manageVM.net_manager -
                            [INFO] - start consuming
2013-09-20 15:07:42,859 - manageVM.server -
                            [INFO] - will consume queue: vm_s
2013-09-20 15:07:42,860 - manageVM.server -
                            [INFO] - will consume queue: net_s
2013-09-20 15:07:42,861 - manageVM.server -
                            [INFO] - start consuming
2013-09-20 15:07:42,934 - manageVM.compute -
                            [INFO] - will consume queue: s_vm
2013-09-20 15:07:42,935 - manageVM.compute -
                            [INFO] - will consume queue: net_vm
2013-09-20 15:07:42,936 - manageVM.compute -
                            [INFO] - start consuming
2013-09-20 15:07:43,009 - manageVM.net_manager -
                            [INFO] - will consume queue: s_net
2013-09-20 15:07:43,010 - manageVM.net_manager -
                            [INFO] - will consume queue: vm_net
2013-09-20 15:07:43,011 - manageVM.net_manager -
                            [INFO] - start consuming
2013-09-20 15:16:48,023 - manageVM.server -
                            [INFO] - will consume queue: vm_s
2013-09-20 15:16:48,024 - manageVM.server -
                            [INFO] - will consume queue: net_s
2013-09-20 15:16:48,025 - manageVM.server -
                            [INFO] - start consuming
2013-09-20 15:16:48,098 - manageVM.compute -
                            [INFO] - will consume queue: s_vm
2013-09-20 15:16:48,098 - manageVM.compute -
                            [INFO] - will consume queue: net_vm
2013-09-20 15:16:48,099 - manageVM.compute -
                            [INFO] - start consuming
2013-09-20 15:16:48,172 - manageVM.net_manager -
                            [INFO] - will consume queue: s_net
2013-09-20 15:16:48,173 - manageVM.net_manager -
                            [INFO] - will consume queue: vm_net
2013-09-20 15:16:48,174 - manageVM.net_manager -
                            [INFO] - start consuming
2013-09-20 15:17:23,104 - manageVM.server -
                            [INFO] - stop consuming, close connection to RabbitMQ
2013-09-20 15:17:23,104 - manageVM -
                            [ERROR] - Stop serving due to keyboard interrupt
2013-09-20 15:17:25,220 - manageVM.server -
                            [INFO] - will consume queue: vm_s
2013-09-20 15:17:25,220 - manageVM.server -
                            [INFO] - will consume queue: net_s
2013-09-20 15:17:25,221 - manageVM.server -
                            [INFO] - start consuming
2013-09-20 15:17:25,295 - manageVM.compute -
                            [INFO] - will consume queue: s_vm
2013-09-20 15:17:25,296 - manageVM.compute -
                            [INFO] - will consume queue: net_vm
2013-09-20 15:17:25,298 - manageVM.compute -
                            [INFO] - start consuming
2013-09-20 15:17:25,370 - manageVM.net_manager -
                            [INFO] - will consume queue: s_net
2013-09-20 15:17:25,371 - manageVM.net_manager -
                            [INFO] - will consume queue: vm_net
2013-09-20 15:17:25,372 - manageVM.net_manager -
                            [INFO] - start consuming
2013-09-20 15:22:34,537 - manageVM.server -
                            [INFO] - stop consuming, close connection to RabbitMQ
2013-09-20 15:22:34,537 - manageVM -
                            [ERROR] - Stop serving due to keyboard interrupt
2013-09-20 15:22:36,156 - manageVM.server -
                            [INFO] - will consume queue: vm_s
2013-09-20 15:22:36,157 - manageVM.server -
                            [INFO] - will consume queue: net_s
2013-09-20 15:22:36,157 - manageVM.server -
                            [INFO] - start consuming
2013-09-20 15:22:36,230 - manageVM.compute -
                            [INFO] - will consume queue: s_vm
2013-09-20 15:22:36,231 - manageVM.compute -
                            [INFO] - will consume queue: net_vm
2013-09-20 15:22:36,232 - manageVM.compute -
                            [INFO] - start consuming
2013-09-20 15:22:36,304 - manageVM.net_manager -
                            [INFO] - will consume queue: s_net
2013-09-20 15:22:36,305 - manageVM.net_manager -
                            [INFO] - will consume queue: vm_net
2013-09-20 15:22:36,307 - manageVM.net_manager -
                            [INFO] - start consuming
2013-09-20 15:22:41,590 - manageVM.compute -
                            [ERROR] - Domain not found: no domain with matching name 'VM4'
2013-09-20 15:22:41,844 - manageVM.client -
                            [INFO] - Fault
2013-09-20 15:22:41,844 - manageVM.client -
                            [ERROR] - Domain not found: no domain with matching name 'VM4'
2013-09-20 15:22:57,940 - manageVM.compute -
                            [INFO] - New VM VM4 was successfully created
2013-09-20 15:22:58,194 - manageVM.client -
                            [INFO] - New VM VM4 was successfully created
